2023-11-27 17:29:56,972 - app:68 - INFO - Loaded reports.
2023-11-27 17:46:29,652 - app:68 - INFO - Loaded reports.
2023-11-27 17:47:03,828 - app:68 - INFO - Loaded reports.
2023-11-27 17:47:06,943 - app:68 - INFO - Loaded reports.
2023-11-27 17:47:09,823 - app:68 - INFO - Loaded reports.
2023-11-27 17:47:14,483 - app:68 - INFO - Loaded reports.
2023-11-27 17:47:49,224 - app:68 - INFO - Loaded reports.
2023-11-27 17:52:05,954 - app:68 - INFO - Loaded reports.
2023-11-27 17:52:08,186 - app:68 - INFO - Loaded reports.
2023-11-28 13:35:25,338 - app:77 - INFO - Loaded reports.
2023-11-28 13:35:26,758 - app:77 - INFO - Loaded reports.
2023-11-28 13:37:52,800 - app:77 - INFO - Loaded reports.
2023-11-28 13:38:56,603 - app:77 - INFO - Loaded reports.
2023-11-28 13:39:20,684 - app:77 - INFO - Loaded reports.
2023-11-28 13:40:14,809 - app:89 - INFO - Get request, report with email = alex@mail.ru.
2023-11-28 13:40:59,757 - app:77 - INFO - Loaded reports.
2023-11-28 13:42:34,496 - app:77 - INFO - Loaded reports.
2023-11-28 13:42:35,982 - app:89 - INFO - Get request, report with email = alex@mail.ru.
2023-11-28 13:42:56,606 - app:77 - INFO - Loaded reports.
2023-11-28 13:42:57,562 - app:89 - INFO - Get request, report with email = alex@mail.ru.
2023-11-28 13:43:35,776 - app:77 - INFO - Loaded reports.
2023-11-28 13:43:37,160 - app:89 - INFO - Get request, report with email = alex@mail.ru.
2023-11-28 13:45:25,862 - app:77 - INFO - Loaded reports.
2023-11-28 13:45:57,272 - app:77 - INFO - Loaded reports.
2023-11-28 13:45:57,954 - app:89 - INFO - Get request, report with email = alex@mail.ru.
2023-11-28 13:49:47,229 - app:77 - INFO - Loaded reports.
2023-11-28 13:49:48,567 - app:89 - INFO - Get request, report with email = alex@mail.ru.
2023-11-28 13:50:12,680 - app:77 - INFO - Loaded reports.
2023-11-28 13:50:13,286 - app:89 - INFO - Get request, report with email = alex@mail.ru.
2023-11-28 13:50:31,235 - app:77 - INFO - Loaded reports.
2023-11-28 13:50:31,961 - app:89 - INFO - Get request, report with email = alex@mail.ru.
2023-11-28 13:50:41,819 - app:77 - INFO - Loaded reports.
2023-11-28 13:50:43,727 - app:89 - INFO - Get request, report with email = alex@mail.ru.
2023-11-28 13:52:50,772 - app:77 - INFO - Loaded reports.
2023-11-28 13:53:01,530 - app:77 - INFO - Loaded reports.
2023-11-28 13:53:23,480 - app:77 - INFO - Loaded reports.
2023-11-28 13:53:36,668 - app:77 - INFO - Loaded reports.
2023-11-28 13:55:58,135 - app:77 - INFO - Loaded reports.
2023-11-28 14:13:42,630 - app:89 - INFO - Get request, report with email = alex@mail.ru.
2023-11-28 14:13:43,847 - app:77 - INFO - Loaded reports.
2023-11-28 14:14:30,133 - app:101 - INFO - Loaded messages.
2023-11-28 14:14:44,690 - app:77 - INFO - Loaded reports.
2023-11-28 14:14:45,512 - app:101 - INFO - Loaded messages.
2023-11-28 14:14:47,124 - app:77 - INFO - Loaded reports.
2023-11-28 14:47:42,596 - app:101 - INFO - Loaded messages.
2023-11-28 14:47:46,364 - app:101 - INFO - Loaded messages.
2023-11-28 14:47:48,852 - app:101 - INFO - Loaded messages.
2023-11-28 14:47:52,833 - app:101 - INFO - Loaded messages.
2023-11-28 14:47:54,564 - app:77 - INFO - Loaded reports.
2023-11-28 14:47:55,369 - app:89 - INFO - Get request, report with email = alexasd@mail.ru.
2023-11-28 14:48:17,970 - app:77 - INFO - Loaded reports.
2023-11-28 15:33:53,641 - app:89 - INFO - Get request, report with email = alexasd@mail.ru.
2023-11-28 15:34:05,160 - app:77 - INFO - Loaded reports.
2023-11-28 15:34:07,482 - app:101 - INFO - Loaded messages.
2023-11-28 15:34:11,671 - app:101 - INFO - Loaded messages.
2023-11-28 15:36:24,381 - app:101 - INFO - Loaded messages.
2023-11-28 15:36:29,489 - app:101 - INFO - Loaded messages.
2023-11-28 15:36:31,955 - app:101 - INFO - Loaded messages.
2023-11-28 15:37:01,307 - app:101 - INFO - Loaded messages.
2023-11-28 15:37:15,931 - app:101 - INFO - Loaded messages.
2023-11-28 15:37:23,431 - app:101 - INFO - Loaded messages.
2023-11-28 15:37:43,058 - app:101 - INFO - Loaded messages.
2023-11-28 15:37:45,916 - app:101 - INFO - Loaded messages.
2023-11-28 15:38:08,400 - app:101 - INFO - Loaded messages.
2023-11-28 15:38:12,131 - app:101 - INFO - Loaded messages.
2023-11-28 15:41:03,029 - app:101 - INFO - Loaded messages.
2023-11-28 15:41:43,648 - app:101 - INFO - Loaded messages.
2023-11-28 15:42:04,191 - app:101 - INFO - Loaded messages.
2023-11-28 15:42:06,664 - app:77 - INFO - Loaded reports.
2023-11-28 15:42:14,504 - app:77 - INFO - Loaded reports.
2023-11-29 19:07:23,050 - app:46 - INFO - Error loading list of reports.
2023-11-29 19:08:11,147 - app:46 - INFO - Error loading list of reports.
2023-11-29 19:10:10,603 - app:46 - INFO - Error loading list of reports.
2023-11-29 19:10:41,930 - app:46 - INFO - Error loading list of reports.
2023-11-29 19:11:04,409 - app:46 - INFO - Error loading list of reports.
2023-11-29 19:12:56,024 - app:46 - INFO - Error loading list of reports.
2023-11-29 19:13:44,042 - app:46 - INFO - Error loading list of reports.
2023-11-29 19:13:55,148 - app:46 - INFO - Error loading list of reports.
2023-11-29 19:16:20,856 - app:46 - INFO - Error loading list of reports.
2023-11-29 19:17:04,993 - app:46 - INFO - Error loading list of reports.
2023-11-29 19:17:51,705 - app:46 - INFO - Error loading list of reports.
2023-11-29 20:21:57,291 - app:112 - INFO - Loaded messages.
2023-12-01 15:06:56,965 - app:35 - ERROR - User with email = email='aleksey.khaidukov@gmail.com' not found. IP = 127.0.0.1
2023-12-01 15:07:19,108 - app:35 - ERROR - User with email = email='aleksey.khaidukov@gmail.com' not found. IP = 127.0.0.1
2023-12-01 15:07:28,573 - app:35 - ERROR - User with email = email='aleksey.khaidukov@gmail.com' not found. IP = 127.0.0.1
2023-12-01 15:08:14,228 - app:38 - INFO - Check subscription with email = email='alex@mail.ru'.
2023-12-01 15:08:31,097 - app:35 - ERROR - User with email = email='aleksey.khaidukov@gmail.com' not found. IP = 127.0.0.1
2023-12-01 15:09:48,239 - app:35 - ERROR - User with email='aleksey.khaidukov@gmail.com' not found. IP = 127.0.0.1
2023-12-01 15:10:21,713 - app:35 - ERROR - User with email='aleksey.khaidukov@gmail.com' not found. IP = 127.0.0.1
2023-12-01 15:10:57,599 - app:35 - ERROR - User with email='aleksey.khaidukov@gmail.com' not found. IP = 127.0.0.1
2023-12-01 15:19:49,603 - app:126 - ERROR - Message with uuid = asdasda not found. IP = 127.0.0.1
2023-12-01 15:20:05,009 - app:126 - ERROR - Message with uuid = asdasda not found. IP = 127.0.0.1
2023-12-01 15:21:17,112 - app:117 - INFO - Loaded messages.
2023-12-01 15:30:53,056 - app:81 - INFO - Subscribe to the news became - True.
2023-12-01 15:33:42,920 - app:81 - INFO - Subscribe to the news became - False.
2023-12-01 16:22:58,536 - app:20 - INFO - Check connection by url /test
2023-12-01 16:24:05,105 - app:94 - INFO - Loaded reports.
2023-12-01 16:24:10,900 - app:118 - INFO - Loaded messages.
2023-12-01 16:24:11,678 - app:94 - INFO - Loaded reports.
2023-12-01 16:24:12,784 - app:106 - INFO - Get request, report with email = alex@mail.ru.
2023-12-01 16:24:14,214 - app:94 - INFO - Loaded reports.
2023-12-01 16:24:15,031 - app:118 - INFO - Loaded messages.
2023-12-01 16:24:15,788 - app:130 - INFO - Loaded messages id = ab66e796-015c-424e-9c3f-c1d87f183e34.
2023-12-01 16:24:16,923 - app:118 - INFO - Loaded messages.
2023-12-01 16:45:33,585 - app:118 - INFO - Loaded messages.
2023-12-01 16:45:34,658 - app:118 - INFO - Loaded messages.
2023-12-01 16:45:37,254 - app:94 - INFO - Loaded reports.
2023-12-01 16:45:42,503 - app:38 - INFO - Check subscription with email = email='alexasd@mail.ru'.
2023-12-01 16:58:45,963 - app:118 - INFO - Loaded messages.
2023-12-01 16:59:25,961 - app:118 - INFO - Loaded messages.
2023-12-01 16:59:44,037 - app:130 - INFO - Loaded messages id = ab66e796-015c-424e-9c3f-c1d87f183e34.
2023-12-01 16:59:54,646 - app:94 - INFO - Loaded reports.
2023-12-01 17:00:03,558 - app:106 - INFO - Get request, report with email = alex@mail.ru.
2023-12-01 18:29:50,907 - app:38 - INFO - Check subscription with email = email='alexasd@mail.ru'.
2023-12-01 19:18:01,373 - app:35 - ERROR - User with email='alex_khadsidukov@mail.ru' not found. IP = 127.0.0.1
2023-12-06 20:46:29,832 - app:93 - INFO - Loaded reports.
2023-12-06 20:46:36,869 - app:117 - INFO - Loaded messages.
2023-12-06 22:06:18,130 - app:93 - INFO - Loaded reports.
2023-12-07 20:26:09,317 - app:93 - INFO - Loaded reports.
2023-12-07 20:26:16,962 - app:93 - INFO - Loaded reports.
2023-12-07 20:26:18,131 - app:93 - INFO - Loaded reports.
2023-12-07 20:27:25,557 - app:93 - INFO - Loaded reports.
2023-12-07 21:01:08,415 - app:47 - ERROR - Error loading list of reports. IP = 127.0.0.1
2023-12-07 22:42:52,720 - app:93 - INFO - Loaded reports.
2023-12-07 22:43:31,067 - app:93 - INFO - Loaded reports.
2023-12-07 22:43:36,693 - app:117 - INFO - Loaded messages.
